c:\users\administrator\desktop\客户端\sriovideoctl\x64\debug\videoencodemanager.obj
c:\users\administrator\desktop\客户端\sriovideoctl\x64\debug\main.obj
c:\users\administrator\desktop\客户端\sriovideoctl\x64\debug\srio.obj
c:\users\administrator\desktop\客户端\sriovideoctl\x64\debug\sriocapture.obj
c:\users\administrator\desktop\客户端\sriovideoctl\x64\debug\videoencoder.obj
c:\users\administrator\desktop\客户端\sriovideoctl\x64\debug\draw.obj
c:\users\administrator\desktop\客户端\sriovideoctl\x64\debug\display.obj
c:\users\administrator\desktop\客户端\sriovideoctl\x64\debug\impl.obj
c:\users\administrator\desktop\客户端\sriovideoctl\x64\debug\vc140.pdb
c:\users\administrator\desktop\客户端\sriovideoctl\x64\debug\sriovideoctl.ilk
c:\users\administrator\desktop\客户端\sriovideoctl\x64\debug\sriovideoctl.dll
c:\users\administrator\desktop\客户端\sriovideoctl\x64\debug\sriovideoctl.pdb
c:\users\administrator\desktop\客户端\sriovideoctl\x64\debug\sriovideoctl.lib
c:\users\administrator\desktop\客户端\sriovideoctl\x64\debug\sriovideoctl.exp
c:\users\administrator\desktop\客户端\sriovideoctl\x64\debug\sriovideotest.ilk
c:\users\administrator\desktop\客户端\sriovideoctl\x64\debug\sriovideotest.pdb
c:\users\administrator\desktop\客户端\sriovideoctl\x64\debug\sriovideoctl.tlog\cl.command.1.tlog
c:\users\administrator\desktop\客户端\sriovideoctl\x64\debug\sriovideoctl.tlog\cl.read.1.tlog
c:\users\administrator\desktop\客户端\sriovideoctl\x64\debug\sriovideoctl.tlog\cl.write.1.tlog
c:\users\administrator\desktop\客户端\sriovideoctl\x64\debug\sriovideoctl.tlog\link.command.1.tlog
c:\users\administrator\desktop\客户端\sriovideoctl\x64\debug\sriovideoctl.tlog\link.read.1.tlog
c:\users\administrator\desktop\客户端\sriovideoctl\x64\debug\sriovideoctl.tlog\link.write.1.tlog
c:\users\administrator\desktop\客户端\sriovideoctl\x64\debug\sriovideoctl.tlog\sriovideoctl.write.1u.tlog
